/home/crchen/hls4ml-tutorial/hls4mlprj_extensions_Quartus/myproject_prj/solution1/.autopilot/db/myproject.pp.0.cpp:28354:7: warning: Added loop label VITIS_LOOP_1207_1:   [xilinx-label-all-loops]
      for (i = 0; i < __N - 1; ++i) {
      ^~~
      VITIS_LOOP_1207_1: 
/home/crchen/hls4ml-tutorial/hls4mlprj_extensions_Quartus/myproject_prj/solution1/.autopilot/db/myproject.pp.0.cpp:28354:7: note: FIX-IT applied suggested code changes
/home/crchen/hls4ml-tutorial/hls4mlprj_extensions_Quartus/myproject_prj/solution1/.autopilot/db/myproject.pp.0.cpp:29328:5: warning: Added loop label VITIS_LOOP_676_1:   [xilinx-label-all-loops]
    for (unsigned i = low; i != high; ++i) {
    ^~~
    VITIS_LOOP_676_1: 
/home/crchen/hls4ml-tutorial/hls4mlprj_extensions_Quartus/myproject_prj/solution1/.autopilot/db/myproject.pp.0.cpp:29328:5: note: FIX-IT applied suggested code changes
/home/crchen/hls4ml-tutorial/hls4mlprj_extensions_Quartus/myproject_prj/solution1/.autopilot/db/myproject.pp.0.cpp:29342:5: warning: Added loop label VITIS_LOOP_690_1:   [xilinx-label-all-loops]
    for (unsigned i = low; i != high; ++i) {
    ^~~
    VITIS_LOOP_690_1: 
/home/crchen/hls4ml-tutorial/hls4mlprj_extensions_Quartus/myproject_prj/solution1/.autopilot/db/myproject.pp.0.cpp:29342:5: note: FIX-IT applied suggested code changes
/home/crchen/hls4ml-tutorial/hls4mlprj_extensions_Quartus/myproject_prj/solution1/.autopilot/db/myproject.pp.0.cpp:29356:5: warning: Added loop label VITIS_LOOP_704_1:   [xilinx-label-all-loops]
    for (unsigned i = low; i != high; ++i) {
    ^~~
    VITIS_LOOP_704_1: 
/home/crchen/hls4ml-tutorial/hls4mlprj_extensions_Quartus/myproject_prj/solution1/.autopilot/db/myproject.pp.0.cpp:29356:5: note: FIX-IT applied suggested code changes
/home/crchen/hls4ml-tutorial/hls4mlprj_extensions_Quartus/myproject_prj/solution1/.autopilot/db/myproject.pp.0.cpp:30973:7: warning: Added loop label VITIS_LOOP_1247_1:   [xilinx-label-all-loops]
      for (i = 0; i < __N - 1; ++i) {
      ^~~
      VITIS_LOOP_1247_1: 
/home/crchen/hls4ml-tutorial/hls4mlprj_extensions_Quartus/myproject_prj/solution1/.autopilot/db/myproject.pp.0.cpp:30973:7: note: FIX-IT applied suggested code changes
/home/crchen/hls4ml-tutorial/hls4mlprj_extensions_Quartus/myproject_prj/solution1/.autopilot/db/myproject.pp.0.cpp:32956:9: warning: Added loop label VITIS_LOOP_27_1:   [xilinx-label-all-loops]
        for (unsigned i = 0; i < N; i++) {
        ^~~
        VITIS_LOOP_27_1: 
/home/crchen/hls4ml-tutorial/hls4mlprj_extensions_Quartus/myproject_prj/solution1/.autopilot/db/myproject.pp.0.cpp:32956:9: note: FIX-IT applied suggested code changes
/home/crchen/hls4ml-tutorial/hls4mlprj_extensions_Quartus/myproject_prj/solution1/.autopilot/db/myproject.pp.0.cpp:32969:9: warning: Added loop label VITIS_LOOP_40_1:   [xilinx-label-all-loops]
        for (size_t i = 0; i < N; i++) {
        ^~~
        VITIS_LOOP_40_1: 
/home/crchen/hls4ml-tutorial/hls4mlprj_extensions_Quartus/myproject_prj/solution1/.autopilot/db/myproject.pp.0.cpp:32969:9: note: FIX-IT applied suggested code changes
/home/crchen/hls4ml-tutorial/hls4mlprj_extensions_Quartus/myproject_prj/solution1/.autopilot/db/myproject.pp.0.cpp:55845:5: warning: Added loop label VITIS_LOOP_265_1:   [xilinx-label-all-loops]
    for (typename std::vector<src_T>::const_iterator i = in_begin; i != in_end; ++i) {
    ^~~
    VITIS_LOOP_265_1: 
/home/crchen/hls4ml-tutorial/hls4mlprj_extensions_Quartus/myproject_prj/solution1/.autopilot/db/myproject.pp.0.cpp:55845:5: note: FIX-IT applied suggested code changes
/home/crchen/hls4ml-tutorial/hls4mlprj_extensions_Quartus/myproject_prj/solution1/.autopilot/db/myproject.pp.0.cpp:55855:5: warning: Added loop label VITIS_LOOP_275_1:   [xilinx-label-all-loops]
    for (auto i = 0; i < SIZE; i++)
    ^~~
    VITIS_LOOP_275_1: 
/home/crchen/hls4ml-tutorial/hls4mlprj_extensions_Quartus/myproject_prj/solution1/.autopilot/db/myproject.pp.0.cpp:55855:5: note: FIX-IT applied suggested code changes
/home/crchen/hls4ml-tutorial/hls4mlprj_extensions_Quartus/myproject_prj/solution1/.autopilot/db/myproject.pp.0.cpp:55866:5: warning: Added loop label VITIS_LOOP_286_1:   [xilinx-label-all-loops]
    for (int i = 0; i < SIZE; i++) {
    ^~~
    VITIS_LOOP_286_1: 
/home/crchen/hls4ml-tutorial/hls4mlprj_extensions_Quartus/myproject_prj/solution1/.autopilot/db/myproject.pp.0.cpp:55866:5: note: FIX-IT applied suggested code changes
/home/crchen/hls4ml-tutorial/hls4mlprj_extensions_Quartus/myproject_prj/solution1/.autopilot/db/myproject.pp.0.cpp:55873:5: warning: Added loop label VITIS_LOOP_293_1:   [xilinx-label-all-loops]
    for (int i = 0; i < SIZE / res_T::size; i++) {
    ^~~
    VITIS_LOOP_293_1: 
/home/crchen/hls4ml-tutorial/hls4mlprj_extensions_Quartus/myproject_prj/solution1/.autopilot/db/myproject.pp.0.cpp:55873:5: note: FIX-IT applied suggested code changes
/home/crchen/hls4ml-tutorial/hls4mlprj_extensions_Quartus/myproject_prj/solution1/.autopilot/db/myproject.pp.0.cpp:55875:9: warning: Added loop label VITIS_LOOP_295_2:   [xilinx-label-all-loops]
        for (int j = 0; j < res_T::size; j++) {
        ^~~
        VITIS_LOOP_295_2: 
/home/crchen/hls4ml-tutorial/hls4mlprj_extensions_Quartus/myproject_prj/solution1/.autopilot/db/myproject.pp.0.cpp:55875:9: note: FIX-IT applied suggested code changes
/home/crchen/hls4ml-tutorial/hls4mlprj_extensions_Quartus/myproject_prj/solution1/.autopilot/db/myproject.pp.0.cpp:55887:5: warning: Added loop label VITIS_LOOP_307_1:   [xilinx-label-all-loops]
    for (int i = 0; i < SIZE / data_T::size; i++) {
    ^~~
    VITIS_LOOP_307_1: 
/home/crchen/hls4ml-tutorial/hls4mlprj_extensions_Quartus/myproject_prj/solution1/.autopilot/db/myproject.pp.0.cpp:55887:5: note: FIX-IT applied suggested code changes
/home/crchen/hls4ml-tutorial/hls4mlprj_extensions_Quartus/myproject_prj/solution1/.autopilot/db/myproject.pp.0.cpp:55889:9: warning: Added loop label VITIS_LOOP_309_2:   [xilinx-label-all-loops]
        for (int j = 0; j < data_T::size; j++) {
        ^~~
        VITIS_LOOP_309_2: 
/home/crchen/hls4ml-tutorial/hls4mlprj_extensions_Quartus/myproject_prj/solution1/.autopilot/db/myproject.pp.0.cpp:55889:9: note: FIX-IT applied suggested code changes
/home/crchen/hls4ml-tutorial/hls4mlprj_extensions_Quartus/myproject_prj/solution1/.autopilot/db/myproject.pp.0.cpp:55904:5: warning: Added loop label VITIS_LOOP_324_1:   [xilinx-label-all-loops]
    for (int ii = 0; ii < nrows; ii++) {
    ^~~
    VITIS_LOOP_324_1: 
/home/crchen/hls4ml-tutorial/hls4mlprj_extensions_Quartus/myproject_prj/solution1/.autopilot/db/myproject.pp.0.cpp:55904:5: note: FIX-IT applied suggested code changes
/home/crchen/hls4ml-tutorial/hls4mlprj_extensions_Quartus/myproject_prj/solution1/.autopilot/db/myproject.pp.0.cpp:55924:5: warning: Added loop label VITIS_LOOP_344_1:   [xilinx-label-all-loops]
    for (int ii = 0; ii < nrows; ii++) {
    ^~~
    VITIS_LOOP_344_1: 
/home/crchen/hls4ml-tutorial/hls4mlprj_extensions_Quartus/myproject_prj/solution1/.autopilot/db/myproject.pp.0.cpp:55924:5: note: FIX-IT applied suggested code changes
/home/crchen/hls4ml-tutorial/hls4mlprj_extensions_Quartus/myproject_prj/solution1/.autopilot/db/myproject.pp.0.cpp:55925:9: warning: Added loop label VITIS_LOOP_345_2:   [xilinx-label-all-loops]
        for (int jj = 0; jj < ncols; jj++) {
        ^~~
        VITIS_LOOP_345_2: 
/home/crchen/hls4ml-tutorial/hls4mlprj_extensions_Quartus/myproject_prj/solution1/.autopilot/db/myproject.pp.0.cpp:55925:9: note: FIX-IT applied suggested code changes
/home/crchen/hls4ml-tutorial/hls4mlprj_extensions_Quartus/myproject_prj/solution1/.autopilot/db/myproject.pp.0.cpp:55940:5: warning: Added loop label VITIS_LOOP_360_1:   [xilinx-label-all-loops]
    for (int ii = 0; ii < N_IN; ii++) {
    ^~~
    VITIS_LOOP_360_1: 
/home/crchen/hls4ml-tutorial/hls4mlprj_extensions_Quartus/myproject_prj/solution1/.autopilot/db/myproject.pp.0.cpp:55940:5: note: FIX-IT applied suggested code changes
/home/crchen/hls4ml-tutorial/hls4mlprj_extensions_Quartus/myproject_prj/solution1/.autopilot/db/myproject.pp.0.cpp:55947:5: warning: Added loop label VITIS_LOOP_367_1:   [xilinx-label-all-loops]
    for (int ii = 0; ii < N_IN; ii++) {
    ^~~
    VITIS_LOOP_367_1: 
/home/crchen/hls4ml-tutorial/hls4mlprj_extensions_Quartus/myproject_prj/solution1/.autopilot/db/myproject.pp.0.cpp:55947:5: note: FIX-IT applied suggested code changes
/home/crchen/hls4ml-tutorial/hls4mlprj_extensions_Quartus/myproject_prj/solution1/.autopilot/db/myproject.pp.0.cpp:56070:2: warning: Added loop label VITIS_LOOP_31_1:   [xilinx-label-all-loops]
 for (int ii = 0; ii < CONFIG_T::n_in; ii++) {
 ^~~
 VITIS_LOOP_31_1: 
/home/crchen/hls4ml-tutorial/hls4mlprj_extensions_Quartus/myproject_prj/solution1/.autopilot/db/myproject.pp.0.cpp:56070:2: note: FIX-IT applied suggested code changes
/home/crchen/hls4ml-tutorial/hls4mlprj_extensions_Quartus/myproject_prj/solution1/.autopilot/db/myproject.pp.0.cpp:56082:5: warning: Added loop label VITIS_LOOP_43_1:   [xilinx-label-all-loops]
    for (int ii = 0; ii < CONFIG_T::n_in; ii++) {
    ^~~
    VITIS_LOOP_43_1: 
/home/crchen/hls4ml-tutorial/hls4mlprj_extensions_Quartus/myproject_prj/solution1/.autopilot/db/myproject.pp.0.cpp:56082:5: note: FIX-IT applied suggested code changes
/home/crchen/hls4ml-tutorial/hls4mlprj_extensions_Quartus/myproject_prj/solution1/.autopilot/db/myproject.pp.0.cpp:56096:5: warning: Added loop label VITIS_LOOP_57_1:   [xilinx-label-all-loops]
    for (int ii = 0; ii < CONFIG_T::n_in; ii++) {
    ^~~
    VITIS_LOOP_57_1: 
/home/crchen/hls4ml-tutorial/hls4mlprj_extensions_Quartus/myproject_prj/solution1/.autopilot/db/myproject.pp.0.cpp:56096:5: note: FIX-IT applied suggested code changes
/home/crchen/hls4ml-tutorial/hls4mlprj_extensions_Quartus/myproject_prj/solution1/.autopilot/db/myproject.pp.0.cpp:56123:5: warning: Added loop label VITIS_LOOP_84_1:   [xilinx-label-all-loops]
    for (int ii = 0; ii < N_TABLE; ii++) {
    ^~~
    VITIS_LOOP_84_1: 
/home/crchen/hls4ml-tutorial/hls4mlprj_extensions_Quartus/myproject_prj/solution1/.autopilot/db/myproject.pp.0.cpp:56123:5: note: FIX-IT applied suggested code changes
/home/crchen/hls4ml-tutorial/hls4mlprj_extensions_Quartus/myproject_prj/solution1/.autopilot/db/myproject.pp.0.cpp:56153:5: warning: Added loop label VITIS_LOOP_114_1:   [xilinx-label-all-loops]
    for (int ii = 0; ii < CONFIG_T::n_in; ii++) {
    ^~~
    VITIS_LOOP_114_1: 
/home/crchen/hls4ml-tutorial/hls4mlprj_extensions_Quartus/myproject_prj/solution1/.autopilot/db/myproject.pp.0.cpp:56153:5: note: FIX-IT applied suggested code changes
/home/crchen/hls4ml-tutorial/hls4mlprj_extensions_Quartus/myproject_prj/solution1/.autopilot/db/myproject.pp.0.cpp:56190:5: warning: Added loop label VITIS_LOOP_151_1:   [xilinx-label-all-loops]
    for (unsigned i = 0; i < CONFIG_T::table_size; i++) {
    ^~~
    VITIS_LOOP_151_1: 
/home/crchen/hls4ml-tutorial/hls4mlprj_extensions_Quartus/myproject_prj/solution1/.autopilot/db/myproject.pp.0.cpp:56190:5: note: FIX-IT applied suggested code changes
/home/crchen/hls4ml-tutorial/hls4mlprj_extensions_Quartus/myproject_prj/solution1/.autopilot/db/myproject.pp.0.cpp:56201:5: warning: Added loop label VITIS_LOOP_162_1:   [xilinx-label-all-loops]
    for (unsigned i = 0; i < CONFIG_T::table_size; i++) {
    ^~~
    VITIS_LOOP_162_1: 
/home/crchen/hls4ml-tutorial/hls4mlprj_extensions_Quartus/myproject_prj/solution1/.autopilot/db/myproject.pp.0.cpp:56201:5: note: FIX-IT applied suggested code changes
/home/crchen/hls4ml-tutorial/hls4mlprj_extensions_Quartus/myproject_prj/solution1/.autopilot/db/myproject.pp.0.cpp:56234:5: warning: Added loop label VITIS_LOOP_195_1:   [xilinx-label-all-loops]
    for (unsigned i = 0; i < CONFIG_T::n_in; i++) {
    ^~~
    VITIS_LOOP_195_1: 
/home/crchen/hls4ml-tutorial/hls4mlprj_extensions_Quartus/myproject_prj/solution1/.autopilot/db/myproject.pp.0.cpp:56234:5: note: FIX-IT applied suggested code changes
/home/crchen/hls4ml-tutorial/hls4mlprj_extensions_Quartus/myproject_prj/solution1/.autopilot/db/myproject.pp.0.cpp:56248:5: warning: Added loop label VITIS_LOOP_209_2:   [xilinx-label-all-loops]
    for (unsigned i = 0; i < CONFIG_T::n_in; i++) {
    ^~~
    VITIS_LOOP_209_2: 
/home/crchen/hls4ml-tutorial/hls4mlprj_extensions_Quartus/myproject_prj/solution1/.autopilot/db/myproject.pp.0.cpp:56248:5: note: FIX-IT applied suggested code changes
/home/crchen/hls4ml-tutorial/hls4mlprj_extensions_Quartus/myproject_prj/solution1/.autopilot/db/myproject.pp.0.cpp:56282:5: warning: Added loop label VITIS_LOOP_243_1:   [xilinx-label-all-loops]
    for (unsigned i = 0; i < CONFIG_T::n_in; i++) {
    ^~~
    VITIS_LOOP_243_1: 
/home/crchen/hls4ml-tutorial/hls4mlprj_extensions_Quartus/myproject_prj/solution1/.autopilot/db/myproject.pp.0.cpp:56282:5: note: FIX-IT applied suggested code changes
/home/crchen/hls4ml-tutorial/hls4mlprj_extensions_Quartus/myproject_prj/solution1/.autopilot/db/myproject.pp.0.cpp:56291:5: warning: Added loop label VITIS_LOOP_252_2:   [xilinx-label-all-loops]
    for (unsigned i = 0; i < CONFIG_T::n_in; i++) {
    ^~~
    VITIS_LOOP_252_2: 
/home/crchen/hls4ml-tutorial/hls4mlprj_extensions_Quartus/myproject_prj/solution1/.autopilot/db/myproject.pp.0.cpp:56291:5: note: FIX-IT applied suggested code changes
/home/crchen/hls4ml-tutorial/hls4mlprj_extensions_Quartus/myproject_prj/solution1/.autopilot/db/myproject.pp.0.cpp:56305:5: warning: Added loop label VITIS_LOOP_266_3:   [xilinx-label-all-loops]
    for (unsigned i = 0; i < CONFIG_T::n_in; i++) {
    ^~~
    VITIS_LOOP_266_3: 
/home/crchen/hls4ml-tutorial/hls4mlprj_extensions_Quartus/myproject_prj/solution1/.autopilot/db/myproject.pp.0.cpp:56305:5: note: FIX-IT applied suggested code changes
/home/crchen/hls4ml-tutorial/hls4mlprj_extensions_Quartus/myproject_prj/solution1/.autopilot/db/myproject.pp.0.cpp:56312:5: warning: Added loop label VITIS_LOOP_273_1:   [xilinx-label-all-loops]
    for (int ii = 0; ii < N_TABLE; ii++) {
    ^~~
    VITIS_LOOP_273_1: 
/home/crchen/hls4ml-tutorial/hls4mlprj_extensions_Quartus/myproject_prj/solution1/.autopilot/db/myproject.pp.0.cpp:56312:5: note: FIX-IT applied suggested code changes
/home/crchen/hls4ml-tutorial/hls4mlprj_extensions_Quartus/myproject_prj/solution1/.autopilot/db/myproject.pp.0.cpp:56325:5: warning: Added loop label VITIS_LOOP_286_1:   [xilinx-label-all-loops]
    for (int ii = 0; ii < N_TABLE; ii++) {
    ^~~
    VITIS_LOOP_286_1: 
/home/crchen/hls4ml-tutorial/hls4mlprj_extensions_Quartus/myproject_prj/solution1/.autopilot/db/myproject.pp.0.cpp:56325:5: note: FIX-IT applied suggested code changes
/home/crchen/hls4ml-tutorial/hls4mlprj_extensions_Quartus/myproject_prj/solution1/.autopilot/db/myproject.pp.0.cpp:56362:5: warning: Added loop label VITIS_LOOP_323_1:   [xilinx-label-all-loops]
    for (int ii = 0; ii < CONFIG_T::n_in; ii++) {
    ^~~
    VITIS_LOOP_323_1: 
/home/crchen/hls4ml-tutorial/hls4mlprj_extensions_Quartus/myproject_prj/solution1/.autopilot/db/myproject.pp.0.cpp:56362:5: note: FIX-IT applied suggested code changes
/home/crchen/hls4ml-tutorial/hls4mlprj_extensions_Quartus/myproject_prj/solution1/.autopilot/db/myproject.pp.0.cpp:56367:5: warning: Added loop label VITIS_LOOP_328_2:   [xilinx-label-all-loops]
    for (int ii = 0; ii < CONFIG_T::n_in; ii++) {
    ^~~
    VITIS_LOOP_328_2: 
/home/crchen/hls4ml-tutorial/hls4mlprj_extensions_Quartus/myproject_prj/solution1/.autopilot/db/myproject.pp.0.cpp:56367:5: note: FIX-IT applied suggested code changes
/home/crchen/hls4ml-tutorial/hls4mlprj_extensions_Quartus/myproject_prj/solution1/.autopilot/db/myproject.pp.0.cpp:56368:9: warning: Added loop label VITIS_LOOP_329_3:   [xilinx-label-all-loops]
        for (int jj = 0; jj < CONFIG_T::n_in; jj++) {
        ^~~
        VITIS_LOOP_329_3: 
/home/crchen/hls4ml-tutorial/hls4mlprj_extensions_Quartus/myproject_prj/solution1/.autopilot/db/myproject.pp.0.cpp:56368:9: note: FIX-IT applied suggested code changes
/home/crchen/hls4ml-tutorial/hls4mlprj_extensions_Quartus/myproject_prj/solution1/.autopilot/db/myproject.pp.0.cpp:56385:5: warning: Added loop label VITIS_LOOP_346_4:   [xilinx-label-all-loops]
    for (int ii = 0; ii < CONFIG_T::n_in; ii++) {
    ^~~
    VITIS_LOOP_346_4: 
/home/crchen/hls4ml-tutorial/hls4mlprj_extensions_Quartus/myproject_prj/solution1/.autopilot/db/myproject.pp.0.cpp:56385:5: note: FIX-IT applied suggested code changes
/home/crchen/hls4ml-tutorial/hls4mlprj_extensions_Quartus/myproject_prj/solution1/.autopilot/db/myproject.pp.0.cpp:56398:5: warning: Added loop label VITIS_LOOP_359_1:   [xilinx-label-all-loops]
    for (int i = 0; i < CONFIG_T::n_in; i++) {
    ^~~
    VITIS_LOOP_359_1: 
/home/crchen/hls4ml-tutorial/hls4mlprj_extensions_Quartus/myproject_prj/solution1/.autopilot/db/myproject.pp.0.cpp:56398:5: note: FIX-IT applied suggested code changes
/home/crchen/hls4ml-tutorial/hls4mlprj_extensions_Quartus/myproject_prj/solution1/.autopilot/db/myproject.pp.0.cpp:56406:5: warning: Added loop label VITIS_LOOP_367_2:   [xilinx-label-all-loops]
    for (int i = 1; i < CONFIG_T::n_in; i++) {
    ^~~
    VITIS_LOOP_367_2: 
/home/crchen/hls4ml-tutorial/hls4mlprj_extensions_Quartus/myproject_prj/solution1/.autopilot/db/myproject.pp.0.cpp:56406:5: note: FIX-IT applied suggested code changes
/home/crchen/hls4ml-tutorial/hls4mlprj_extensions_Quartus/myproject_prj/solution1/.autopilot/db/myproject.pp.0.cpp:56441:5: warning: Added loop label VITIS_LOOP_402_1:   [xilinx-label-all-loops]
    for (int ii = 0; ii < N_TABLE; ii++) {
    ^~~
    VITIS_LOOP_402_1: 
/home/crchen/hls4ml-tutorial/hls4mlprj_extensions_Quartus/myproject_prj/solution1/.autopilot/db/myproject.pp.0.cpp:56441:5: note: FIX-IT applied suggested code changes
/home/crchen/hls4ml-tutorial/hls4mlprj_extensions_Quartus/myproject_prj/solution1/.autopilot/db/myproject.pp.0.cpp:56471:5: warning: Added loop label VITIS_LOOP_432_1:   [xilinx-label-all-loops]
    for (int ii = 0; ii < CONFIG_T::n_in; ii++) {
    ^~~
    VITIS_LOOP_432_1: 
/home/crchen/hls4ml-tutorial/hls4mlprj_extensions_Quartus/myproject_prj/solution1/.autopilot/db/myproject.pp.0.cpp:56471:5: note: FIX-IT applied suggested code changes
/home/crchen/hls4ml-tutorial/hls4mlprj_extensions_Quartus/myproject_prj/solution1/.autopilot/db/myproject.pp.0.cpp:56498:2: warning: Added loop label VITIS_LOOP_459_1:   [xilinx-label-all-loops]
 for (int ii = 0; ii < CONFIG_T::n_in; ii++) {
 ^~~
 VITIS_LOOP_459_1: 
/home/crchen/hls4ml-tutorial/hls4mlprj_extensions_Quartus/myproject_prj/solution1/.autopilot/db/myproject.pp.0.cpp:56498:2: note: FIX-IT applied suggested code changes
/home/crchen/hls4ml-tutorial/hls4mlprj_extensions_Quartus/myproject_prj/solution1/.autopilot/db/myproject.pp.0.cpp:56512:2: warning: Added loop label VITIS_LOOP_473_1:   [xilinx-label-all-loops]
 for (int ii = 0; ii < CONFIG_T::n_in; ii++) {
 ^~~
 VITIS_LOOP_473_1: 
/home/crchen/hls4ml-tutorial/hls4mlprj_extensions_Quartus/myproject_prj/solution1/.autopilot/db/myproject.pp.0.cpp:56512:2: note: FIX-IT applied suggested code changes
/home/crchen/hls4ml-tutorial/hls4mlprj_extensions_Quartus/myproject_prj/solution1/.autopilot/db/myproject.pp.0.cpp:56528:5: warning: Added loop label VITIS_LOOP_489_1:   [xilinx-label-all-loops]
    for (int ii = 0; ii < CONFIG_T::n_in; ii++) {
    ^~~
    VITIS_LOOP_489_1: 
/home/crchen/hls4ml-tutorial/hls4mlprj_extensions_Quartus/myproject_prj/solution1/.autopilot/db/myproject.pp.0.cpp:56528:5: note: FIX-IT applied suggested code changes
/home/crchen/hls4ml-tutorial/hls4mlprj_extensions_Quartus/myproject_prj/solution1/.autopilot/db/myproject.pp.0.cpp:56546:5: warning: Added loop label VITIS_LOOP_507_1:   [xilinx-label-all-loops]
    for (int ii = 0; ii < CONFIG_T::n_in; ii++) {
    ^~~
    VITIS_LOOP_507_1: 
/home/crchen/hls4ml-tutorial/hls4mlprj_extensions_Quartus/myproject_prj/solution1/.autopilot/db/myproject.pp.0.cpp:56546:5: note: FIX-IT applied suggested code changes
/home/crchen/hls4ml-tutorial/hls4mlprj_extensions_Quartus/myproject_prj/solution1/.autopilot/db/myproject.pp.0.cpp:56563:5: warning: Added loop label VITIS_LOOP_524_1:   [xilinx-label-all-loops]
    for (int ii = 0; ii < CONFIG_T::n_in; ii++) {
    ^~~
    VITIS_LOOP_524_1: 
/home/crchen/hls4ml-tutorial/hls4mlprj_extensions_Quartus/myproject_prj/solution1/.autopilot/db/myproject.pp.0.cpp:56563:5: note: FIX-IT applied suggested code changes
/home/crchen/hls4ml-tutorial/hls4mlprj_extensions_Quartus/myproject_prj/solution1/.autopilot/db/myproject.pp.0.cpp:56580:5: warning: Added loop label VITIS_LOOP_541_1:   [xilinx-label-all-loops]
    for (int ii = 0; ii < N_TABLE; ii++) {
    ^~~
    VITIS_LOOP_541_1: 
/home/crchen/hls4ml-tutorial/hls4mlprj_extensions_Quartus/myproject_prj/solution1/.autopilot/db/myproject.pp.0.cpp:56580:5: note: FIX-IT applied suggested code changes
/home/crchen/hls4ml-tutorial/hls4mlprj_extensions_Quartus/myproject_prj/solution1/.autopilot/db/myproject.pp.0.cpp:56610:5: warning: Added loop label VITIS_LOOP_571_1:   [xilinx-label-all-loops]
    for (int ii = 0; ii < CONFIG_T::n_in; ii++) {
    ^~~
    VITIS_LOOP_571_1: 
/home/crchen/hls4ml-tutorial/hls4mlprj_extensions_Quartus/myproject_prj/solution1/.autopilot/db/myproject.pp.0.cpp:56610:5: note: FIX-IT applied suggested code changes
/home/crchen/hls4ml-tutorial/hls4mlprj_extensions_Quartus/myproject_prj/solution1/.autopilot/db/myproject.pp.0.cpp:56629:5: warning: Added loop label VITIS_LOOP_590_1:   [xilinx-label-all-loops]
    for (int ii = 0; ii < N_TABLE; ii++) {
    ^~~
    VITIS_LOOP_590_1: 
/home/crchen/hls4ml-tutorial/hls4mlprj_extensions_Quartus/myproject_prj/solution1/.autopilot/db/myproject.pp.0.cpp:56629:5: note: FIX-IT applied suggested code changes
/home/crchen/hls4ml-tutorial/hls4mlprj_extensions_Quartus/myproject_prj/solution1/.autopilot/db/myproject.pp.0.cpp:56659:5: warning: Added loop label VITIS_LOOP_620_1:   [xilinx-label-all-loops]
    for (int ii = 0; ii < CONFIG_T::n_in; ii++) {
    ^~~
    VITIS_LOOP_620_1: 
/home/crchen/hls4ml-tutorial/hls4mlprj_extensions_Quartus/myproject_prj/solution1/.autopilot/db/myproject.pp.0.cpp:56659:5: note: FIX-IT applied suggested code changes
/home/crchen/hls4ml-tutorial/hls4mlprj_extensions_Quartus/myproject_prj/solution1/.autopilot/db/myproject.pp.0.cpp:56678:5: warning: Added loop label VITIS_LOOP_639_1:   [xilinx-label-all-loops]
    for (int ii = 0; ii < N_TABLE; ii++) {
    ^~~
    VITIS_LOOP_639_1: 
/home/crchen/hls4ml-tutorial/hls4mlprj_extensions_Quartus/myproject_prj/solution1/.autopilot/db/myproject.pp.0.cpp:56678:5: note: FIX-IT applied suggested code changes
/home/crchen/hls4ml-tutorial/hls4mlprj_extensions_Quartus/myproject_prj/solution1/.autopilot/db/myproject.pp.0.cpp:56708:5: warning: Added loop label VITIS_LOOP_669_1:   [xilinx-label-all-loops]
    for (int ii = 0; ii < CONFIG_T::n_in; ii++) {
    ^~~
    VITIS_LOOP_669_1: 
/home/crchen/hls4ml-tutorial/hls4mlprj_extensions_Quartus/myproject_prj/solution1/.autopilot/db/myproject.pp.0.cpp:56708:5: note: FIX-IT applied suggested code changes
/home/crchen/hls4ml-tutorial/hls4mlprj_extensions_Quartus/myproject_prj/solution1/.autopilot/db/myproject.pp.0.cpp:56735:5: warning: Added loop label VITIS_LOOP_696_1:   [xilinx-label-all-loops]
    for (int ii = 0; ii < N_TABLE; ii++) {
    ^~~
    VITIS_LOOP_696_1: 
/home/crchen/hls4ml-tutorial/hls4mlprj_extensions_Quartus/myproject_prj/solution1/.autopilot/db/myproject.pp.0.cpp:56735:5: note: FIX-IT applied suggested code changes
/home/crchen/hls4ml-tutorial/hls4mlprj_extensions_Quartus/myproject_prj/solution1/.autopilot/db/myproject.pp.0.cpp:56764:5: warning: Added loop label VITIS_LOOP_725_1:   [xilinx-label-all-loops]
    for (int ii = 0; ii < CONFIG_T::n_in; ii++) {
    ^~~
    VITIS_LOOP_725_1: 
/home/crchen/hls4ml-tutorial/hls4mlprj_extensions_Quartus/myproject_prj/solution1/.autopilot/db/myproject.pp.0.cpp:56764:5: note: FIX-IT applied suggested code changes
/home/crchen/hls4ml-tutorial/hls4mlprj_extensions_Quartus/myproject_prj/solution1/.autopilot/db/myproject.pp.0.cpp:56785:5: warning: Added loop label VITIS_LOOP_746_1:   [xilinx-label-all-loops]
    for (int ii = 0; ii < CONFIG_T::n_in; ii++) {
    ^~~
    VITIS_LOOP_746_1: 
/home/crchen/hls4ml-tutorial/hls4mlprj_extensions_Quartus/myproject_prj/solution1/.autopilot/db/myproject.pp.0.cpp:56785:5: note: FIX-IT applied suggested code changes
/home/crchen/hls4ml-tutorial/hls4mlprj_extensions_Quartus/myproject_prj/solution1/.autopilot/db/myproject.pp.0.cpp:56803:5: warning: Added loop label VITIS_LOOP_764_1:   [xilinx-label-all-loops]
    for (int ii = 0; ii < CONFIG_T::n_in; ii++) {
    ^~~
    VITIS_LOOP_764_1: 
/home/crchen/hls4ml-tutorial/hls4mlprj_extensions_Quartus/myproject_prj/solution1/.autopilot/db/myproject.pp.0.cpp:56803:5: note: FIX-IT applied suggested code changes
/home/crchen/hls4ml-tutorial/hls4mlprj_extensions_Quartus/myproject_prj/solution1/.autopilot/db/myproject.pp.0.cpp:56823:5: warning: Added loop label VITIS_LOOP_784_1:   [xilinx-label-all-loops]
    for (int ii = 0; ii < CONFIG_T::n_in; ii++) {
    ^~~
    VITIS_LOOP_784_1: 
/home/crchen/hls4ml-tutorial/hls4mlprj_extensions_Quartus/myproject_prj/solution1/.autopilot/db/myproject.pp.0.cpp:56823:5: note: FIX-IT applied suggested code changes
/home/crchen/hls4ml-tutorial/hls4mlprj_extensions_Quartus/myproject_prj/solution1/.autopilot/db/myproject.pp.0.cpp:56919:9: warning: Added loop label VITIS_LOOP_73_1:   [xilinx-label-all-loops]
        for (int i = 0; i < N / data_T::size; i++) {
        ^~~
        VITIS_LOOP_73_1: 
/home/crchen/hls4ml-tutorial/hls4mlprj_extensions_Quartus/myproject_prj/solution1/.autopilot/db/myproject.pp.0.cpp:56919:9: note: FIX-IT applied suggested code changes
/home/crchen/hls4ml-tutorial/hls4mlprj_extensions_Quartus/myproject_prj/solution1/.autopilot/db/myproject.pp.0.cpp:56926:13: warning: Added loop label VITIS_LOOP_80_2:   [xilinx-label-all-loops]
            for (int j = 0; j < data_T::size; j++) {
            ^~~
            VITIS_LOOP_80_2: 
/home/crchen/hls4ml-tutorial/hls4mlprj_extensions_Quartus/myproject_prj/solution1/.autopilot/db/myproject.pp.0.cpp:56926:13: note: FIX-IT applied suggested code changes
/home/crchen/hls4ml-tutorial/hls4mlprj_extensions_Quartus/myproject_prj/solution1/.autopilot/db/myproject.pp.0.cpp:56935:9: warning: Added loop label VITIS_LOOP_89_3:   [xilinx-label-all-loops]
        for (int i = 0; i < N / data_T::size; i++) {
        ^~~
        VITIS_LOOP_89_3: 
/home/crchen/hls4ml-tutorial/hls4mlprj_extensions_Quartus/myproject_prj/solution1/.autopilot/db/myproject.pp.0.cpp:56935:9: note: FIX-IT applied suggested code changes
/home/crchen/hls4ml-tutorial/hls4mlprj_extensions_Quartus/myproject_prj/solution1/.autopilot/db/myproject.pp.0.cpp:56944:13: warning: Added loop label VITIS_LOOP_98_4:   [xilinx-label-all-loops]
            for (int j = 0; j < pack_diff; j++) {
            ^~~
            VITIS_LOOP_98_4: 
/home/crchen/hls4ml-tutorial/hls4mlprj_extensions_Quartus/myproject_prj/solution1/.autopilot/db/myproject.pp.0.cpp:56944:13: note: FIX-IT applied suggested code changes
/home/crchen/hls4ml-tutorial/hls4mlprj_extensions_Quartus/myproject_prj/solution1/.autopilot/db/myproject.pp.0.cpp:56948:17: warning: Added loop label VITIS_LOOP_102_5:   [xilinx-label-all-loops]
                for (int k = 0; k < res_T::size; k++) {
                ^~~
                VITIS_LOOP_102_5: 
/home/crchen/hls4ml-tutorial/hls4mlprj_extensions_Quartus/myproject_prj/solution1/.autopilot/db/myproject.pp.0.cpp:56948:17: note: FIX-IT applied suggested code changes
/home/crchen/hls4ml-tutorial/hls4mlprj_extensions_Quartus/myproject_prj/solution1/.autopilot/db/myproject.pp.0.cpp:56959:9: warning: Added loop label VITIS_LOOP_113_6:   [xilinx-label-all-loops]
        for (int i = 0; i < N / data_T::size; i++) {
        ^~~
        VITIS_LOOP_113_6: 
/home/crchen/hls4ml-tutorial/hls4mlprj_extensions_Quartus/myproject_prj/solution1/.autopilot/db/myproject.pp.0.cpp:56959:9: note: FIX-IT applied suggested code changes
/home/crchen/hls4ml-tutorial/hls4mlprj_extensions_Quartus/myproject_prj/solution1/.autopilot/db/myproject.pp.0.cpp:56963:13: warning: Added loop label VITIS_LOOP_117_7:   [xilinx-label-all-loops]
            for (int j = 0; j < data_T::size; j++) {
            ^~~
            VITIS_LOOP_117_7: 
/home/crchen/hls4ml-tutorial/hls4mlprj_extensions_Quartus/myproject_prj/solution1/.autopilot/db/myproject.pp.0.cpp:56963:13: note: FIX-IT applied suggested code changes
/home/crchen/hls4ml-tutorial/hls4mlprj_extensions_Quartus/myproject_prj/solution1/.autopilot/db/myproject.pp.0.cpp:56987:9: warning: Added loop label VITIS_LOOP_141_1:   [xilinx-label-all-loops]
        for (int j = 0; j < n_dupl; j++) {
        ^~~
        VITIS_LOOP_141_1: 
/home/crchen/hls4ml-tutorial/hls4mlprj_extensions_Quartus/myproject_prj/solution1/.autopilot/db/myproject.pp.0.cpp:56987:9: note: FIX-IT applied suggested code changes
/home/crchen/hls4ml-tutorial/hls4mlprj_extensions_Quartus/myproject_prj/solution1/.autopilot/db/myproject.pp.0.cpp:56991:13: warning: Added loop label VITIS_LOOP_145_2:   [xilinx-label-all-loops]
            for (int k = 0; k < res_T::size; k++) {
            ^~~
            VITIS_LOOP_145_2: 
/home/crchen/hls4ml-tutorial/hls4mlprj_extensions_Quartus/myproject_prj/solution1/.autopilot/db/myproject.pp.0.cpp:56991:13: note: FIX-IT applied suggested code changes
/home/crchen/hls4ml-tutorial/hls4mlprj_extensions_Quartus/myproject_prj/solution1/.autopilot/db/myproject.pp.0.cpp:57010:9: warning: Added loop label VITIS_LOOP_164_1:   [xilinx-label-all-loops]
        for (int k = 0; k < res_T::size; k++) {
        ^~~
        VITIS_LOOP_164_1: 
/home/crchen/hls4ml-tutorial/hls4mlprj_extensions_Quartus/myproject_prj/solution1/.autopilot/db/myproject.pp.0.cpp:57010:9: note: FIX-IT applied suggested code changes
/home/crchen/hls4ml-tutorial/hls4mlprj_extensions_Quartus/myproject_prj/solution1/.autopilot/db/myproject.pp.0.cpp:57033:2: warning: Added loop label VITIS_LOOP_187_1:   [xilinx-label-all-loops]
 for (int i = 0; i < CONFIG_T::height * CONFIG_T::width / data_T::size; i++) {
 ^~~
 VITIS_LOOP_187_1: 
/home/crchen/hls4ml-tutorial/hls4mlprj_extensions_Quartus/myproject_prj/solution1/.autopilot/db/myproject.pp.0.cpp:57033:2: note: FIX-IT applied suggested code changes
/home/crchen/hls4ml-tutorial/hls4mlprj_extensions_Quartus/myproject_prj/solution1/.autopilot/db/myproject.pp.0.cpp:57036:9: warning: Added loop label VITIS_LOOP_190_2:   [xilinx-label-all-loops]
        for (int j = 0; j < data_T::size; j++) {
        ^~~
        VITIS_LOOP_190_2: 
/home/crchen/hls4ml-tutorial/hls4mlprj_extensions_Quartus/myproject_prj/solution1/.autopilot/db/myproject.pp.0.cpp:57036:9: note: FIX-IT applied suggested code changes
/home/crchen/hls4ml-tutorial/hls4mlprj_extensions_Quartus/myproject_prj/solution1/.autopilot/db/myproject.pp.0.cpp:57041:5: warning: Added loop label VITIS_LOOP_195_3:   [xilinx-label-all-loops]
    for (int i = 0; i < CONFIG_T::height * CONFIG_T::width / res_T::size; i++) {
    ^~~
    VITIS_LOOP_195_3: 
/home/crchen/hls4ml-tutorial/hls4mlprj_extensions_Quartus/myproject_prj/solution1/.autopilot/db/myproject.pp.0.cpp:57041:5: note: FIX-IT applied suggested code changes
/home/crchen/hls4ml-tutorial/hls4mlprj_extensions_Quartus/myproject_prj/solution1/.autopilot/db/myproject.pp.0.cpp:57045:9: warning: Added loop label VITIS_LOOP_199_4:   [xilinx-label-all-loops]
        for (int j = 0; j < res_T::size; j++) {
        ^~~
        VITIS_LOOP_199_4: 
/home/crchen/hls4ml-tutorial/hls4mlprj_extensions_Quartus/myproject_prj/solution1/.autopilot/db/myproject.pp.0.cpp:57045:9: note: FIX-IT applied suggested code changes
/home/crchen/hls4ml-tutorial/hls4mlprj_extensions_Quartus/myproject_prj/solution1/.autopilot/db/myproject.pp.0.cpp:57259:9: warning: Added loop label VITIS_LOOP_213_1:   [xilinx-label-all-loops]
        for (unsigned j = 0; j < data_T::size; j++) {
        ^~~
        VITIS_LOOP_213_1: 
/home/crchen/hls4ml-tutorial/hls4mlprj_extensions_Quartus/myproject_prj/solution1/.autopilot/db/myproject.pp.0.cpp:57259:9: note: FIX-IT applied suggested code changes
/home/crchen/hls4ml-tutorial/hls4mlprj_extensions_Quartus/myproject_prj/solution1/.autopilot/db/myproject.pp.0.cpp:57268:9: warning: Added loop label VITIS_LOOP_222_2:   [xilinx-label-all-loops]
        for (unsigned j = 0; j < data_T::size; j++) {
        ^~~
        VITIS_LOOP_222_2: 
/home/crchen/hls4ml-tutorial/hls4mlprj_extensions_Quartus/myproject_prj/solution1/.autopilot/db/myproject.pp.0.cpp:57268:9: note: FIX-IT applied suggested code changes
/home/crchen/hls4ml-tutorial/hls4mlprj_extensions_Quartus/myproject_prj/solution1/.autopilot/db/myproject.pp.0.cpp:57374:5: warning: Added loop label VITIS_LOOP_328_1:   [xilinx-label-all-loops]
    for (int i = 0; i < CONFIG_T::n_in / res_T::size; i++) {
    ^~~
    VITIS_LOOP_328_1: 
/home/crchen/hls4ml-tutorial/hls4mlprj_extensions_Quartus/myproject_prj/solution1/.autopilot/db/myproject.pp.0.cpp:57374:5: note: FIX-IT applied suggested code changes
/home/crchen/hls4ml-tutorial/hls4mlprj_extensions_Quartus/myproject_prj/solution1/.autopilot/db/myproject.pp.0.cpp:57379:9: warning: Added loop label VITIS_LOOP_333_2:   [xilinx-label-all-loops]
        for (int i = 0; i < res_T::size; i++) {
        ^~~
        VITIS_LOOP_333_2: 
/home/crchen/hls4ml-tutorial/hls4mlprj_extensions_Quartus/myproject_prj/solution1/.autopilot/db/myproject.pp.0.cpp:57379:9: note: FIX-IT applied suggested code changes
/home/crchen/hls4ml-tutorial/hls4mlprj_extensions_Quartus/myproject_prj/solution1/.autopilot/db/myproject.pp.0.cpp:57387:9: warning: Added loop label VITIS_LOOP_341_3:   [xilinx-label-all-loops]
        for (int i = 1; i < res_T::size; i++) {
        ^~~
        VITIS_LOOP_341_3: 
/home/crchen/hls4ml-tutorial/hls4mlprj_extensions_Quartus/myproject_prj/solution1/.autopilot/db/myproject.pp.0.cpp:57387:9: note: FIX-IT applied suggested code changes
/home/crchen/hls4ml-tutorial/hls4mlprj_extensions_Quartus/myproject_prj/solution1/.autopilot/db/myproject.pp.0.cpp:57868:5: warning: Added loop label VITIS_LOOP_17_1:   [xilinx-label-all-loops]
    for (int i = 0; i < CONFIG_T::n_in; i++) {
    ^~~
    VITIS_LOOP_17_1: 
/home/crchen/hls4ml-tutorial/hls4mlprj_extensions_Quartus/myproject_prj/solution1/.autopilot/db/myproject.pp.0.cpp:57868:5: note: FIX-IT applied suggested code changes
