0.949095606803894 0.8240569233894348
0.7968165874481201 0.7834734916687012
0.7693071365356445 0.7682291269302368
0.753303050994873 0.7545212507247925
0.7424387335777283 0.7454537153244019
0.7346778512001038 0.7373260855674744
0.7287140488624573 0.7298805117607117
0.7238962054252625 0.7296652793884277
0.7195147275924683 0.7231991291046143
0.7163705825805664 0.7233443856239319
0.7135630249977112 0.7181183695793152
0.7106521725654602 0.7145545482635498
0.7080658078193665 0.7115088105201721
0.7060813903808594 0.7102195024490356
0.7041913866996765 0.7079521417617798
0.7023040056228638 0.7122067213058472
0.7012186646461487 0.7049000859260559
0.69948410987854 0.7049018144607544
0.6985127329826355 0.7042096853256226
0.6969746351242065 0.7016758322715759
0.6957059502601624 0.7012326121330261
0.6950061917304993 0.6995666027069092
0.6939892172813416 0.697862446308136
0.6930424571037292 0.6981613039970398
0.69206702709198 0.6984092593193054
0.691612184047699 0.6965311169624329
0.6900122165679932 0.6968675851821899
0.6896451711654663 0.6941682696342468
0.6889966130256653 0.6952984929084778
0.6882825493812561 0.6932601928710938
