

================================================================
== Vitis HLS Report for 'relu_ap_int_6_ap_int_6_ReLU_config3_s'
================================================================
* Date:           Thu Nov 14 11:44:51 2024

* Version:        2023.2 (Build 4023990 on Oct 11 2023)
* Project:        myproject_prj
* Solution:       solution1 (Vivado IP Flow Target)
* Product family: zynquplus
* Target device:  xczu7ev-ffvc1156-2-e


================================================================
== Performance Estimates
================================================================
+ Timing: 
    * Summary: 
    +--------+---------+----------+------------+
    |  Clock |  Target | Estimated| Uncertainty|
    +--------+---------+----------+------------+
    |ap_clk  |  5.00 ns|  1.195 ns|     1.35 ns|
    +--------+---------+----------+------------+

+ Latency: 
    * Summary: 
    +---------+---------+----------+----------+-----+-----+---------+
    |  Latency (cycles) |  Latency (absolute) |  Interval | Pipeline|
    |   min   |   max   |    min   |    max   | min | max |   Type  |
    +---------+---------+----------+----------+-----+-----+---------+
    |        0|        0|      0 ns|      0 ns|    1|    1|      yes|
    +---------+---------+----------+----------+-----+-----+---------+

    + Detail: 
        * Instance: 
        N/A

        * Loop: 
        N/A



================================================================
== Utilization Estimates
================================================================
* Summary: 
+-----------------+---------+------+--------+--------+-----+
|       Name      | BRAM_18K|  DSP |   FF   |   LUT  | URAM|
+-----------------+---------+------+--------+--------+-----+
|DSP              |        -|     -|       -|       -|    -|
|Expression       |        -|     -|       0|     144|    -|
|FIFO             |        -|     -|       -|       -|    -|
|Instance         |        -|     -|       -|       -|    -|
|Memory           |        -|     -|       -|       -|    -|
|Multiplexer      |        -|     -|       -|       -|    -|
|Register         |        -|     -|       -|       -|    -|
+-----------------+---------+------+--------+--------+-----+
|Total            |        0|     0|       0|     144|    0|
+-----------------+---------+------+--------+--------+-----+
|Available        |      624|  1728|  460800|  230400|   96|
+-----------------+---------+------+--------+--------+-----+
|Utilization (%)  |        0|     0|       0|      ~0|    0|
+-----------------+---------+------+--------+--------+-----+

+ Detail: 
    * Instance: 
    N/A

    * DSP: 
    N/A

    * Memory: 
    N/A

    * FIFO: 
    N/A

    * Expression: 
    +-----------------------+----------+----+---+----+------------+------------+
    |     Variable Name     | Operation| DSP| FF| LUT| Bitwidth P0| Bitwidth P1|
    +-----------------------+----------+----+---+----+------------+------------+
    |icmp_ln45_1_fu_130_p2  |      icmp|   0|  0|  13|           6|           1|
    |icmp_ln45_2_fu_148_p2  |      icmp|   0|  0|  13|           6|           1|
    |icmp_ln45_3_fu_166_p2  |      icmp|   0|  0|  13|           6|           1|
    |icmp_ln45_4_fu_184_p2  |      icmp|   0|  0|  13|           6|           1|
    |icmp_ln45_5_fu_202_p2  |      icmp|   0|  0|  13|           6|           1|
    |icmp_ln45_6_fu_220_p2  |      icmp|   0|  0|  13|           6|           1|
    |icmp_ln45_7_fu_238_p2  |      icmp|   0|  0|  13|           6|           1|
    |icmp_ln45_fu_112_p2    |      icmp|   0|  0|  13|           6|           1|
    |datareg_1_fu_136_p3    |    select|   0|  0|   5|           1|           5|
    |datareg_2_fu_154_p3    |    select|   0|  0|   5|           1|           5|
    |datareg_3_fu_172_p3    |    select|   0|  0|   5|           1|           5|
    |datareg_4_fu_190_p3    |    select|   0|  0|   5|           1|           5|
    |datareg_5_fu_208_p3    |    select|   0|  0|   5|           1|           5|
    |datareg_6_fu_226_p3    |    select|   0|  0|   5|           1|           5|
    |datareg_7_fu_244_p3    |    select|   0|  0|   5|           1|           5|
    |datareg_fu_118_p3      |    select|   0|  0|   5|           1|           5|
    +-----------------------+----------+----+---+----+------------+------------+
    |Total                  |          |   0|  0| 144|          56|          48|
    +-----------------------+----------+----+---+----+------------+------------+

    * Multiplexer: 
    N/A

    * Register: 
    N/A



================================================================
== Interface
================================================================
* Summary: 
+-------------+-----+-----+------------+------------------------------------------+--------------+
|  RTL Ports  | Dir | Bits|  Protocol  |               Source Object              |    C Type    |
+-------------+-----+-----+------------+------------------------------------------+--------------+
|ap_ready     |  out|    1|  ap_ctrl_hs|  relu<ap_int<6>, ap_int<6>, ReLU_config3>|  return value|
|ap_return_0  |  out|    6|  ap_ctrl_hs|  relu<ap_int<6>, ap_int<6>, ReLU_config3>|  return value|
|ap_return_1  |  out|    6|  ap_ctrl_hs|  relu<ap_int<6>, ap_int<6>, ReLU_config3>|  return value|
|ap_return_2  |  out|    6|  ap_ctrl_hs|  relu<ap_int<6>, ap_int<6>, ReLU_config3>|  return value|
|ap_return_3  |  out|    6|  ap_ctrl_hs|  relu<ap_int<6>, ap_int<6>, ReLU_config3>|  return value|
|ap_return_4  |  out|    6|  ap_ctrl_hs|  relu<ap_int<6>, ap_int<6>, ReLU_config3>|  return value|
|ap_return_5  |  out|    6|  ap_ctrl_hs|  relu<ap_int<6>, ap_int<6>, ReLU_config3>|  return value|
|ap_return_6  |  out|    6|  ap_ctrl_hs|  relu<ap_int<6>, ap_int<6>, ReLU_config3>|  return value|
|ap_return_7  |  out|    6|  ap_ctrl_hs|  relu<ap_int<6>, ap_int<6>, ReLU_config3>|  return value|
|data_0_val   |   in|    6|     ap_none|                                data_0_val|        scalar|
|data_1_val   |   in|    6|     ap_none|                                data_1_val|        scalar|
|data_2_val   |   in|    6|     ap_none|                                data_2_val|        scalar|
|data_3_val   |   in|    6|     ap_none|                                data_3_val|        scalar|
|data_4_val   |   in|    6|     ap_none|                                data_4_val|        scalar|
|data_5_val   |   in|    6|     ap_none|                                data_5_val|        scalar|
|data_6_val   |   in|    6|     ap_none|                                data_6_val|        scalar|
|data_7_val   |   in|    6|     ap_none|                                data_7_val|        scalar|
+-------------+-----+-----+------------+------------------------------------------+--------------+

