#-----------------------------------------------------------
# Vivado v2023.2 (64-bit)
# SW Build 4029153 on Fri Oct 13 20:13:54 MDT 2023
# IP Build 4028589 on Sat Oct 14 00:45:43 MDT 2023
# SharedData Build 4025554 on Tue Oct 10 17:18:54 MDT 2023
# Start of session at: Thu Nov 14 11:35:59 2024
# Process ID: 49712
# Current directory: /home/crchen/hls4ml-tutorial/hls4mlprj_extensions_Quartus
# Command line: vivado -mode batch -source vivado_synth.tcl
# Log file: /home/crchen/hls4ml-tutorial/hls4mlprj_extensions_Quartus/vivado.log
# Journal file: /home/crchen/hls4ml-tutorial/hls4mlprj_extensions_Quartus/vivado.jou
# Running On: Kaohsiung, OS: Linux, CPU Frequency: 2000.000 MHz, CPU Physical cores: 24, Host memory: 134739 MB
#-----------------------------------------------------------
source vivado_synth.tcl
# set tcldir [file dirname [info script]]
# source [file join $tcldir project.tcl]
## variable project_name
## set project_name "myproject"
## variable backend
## set backend "vivado"
## variable part
## set part "xcvu13p-flga2577-2-e"
## variable clock_period
## set clock_period 5
## variable clock_uncertainty
## set clock_uncertainty 27%
## variable version
## set version "1.0.0"
# add_files ${project_name}_prj/solution1/syn/vhdl
# synth_design -top ${project_name} -part $part
Command: synth_design -top myproject -part xcvu13p-flga2577-2-e
Starting synth_design
Attempting to get a license for feature 'Synthesis' and/or device 'xcvu13p'
WARNING: [Common 17-348] Failed to get the license for feature 'Synthesis' and/or device 'xcvu13p'. Explanation: The license feature Synthesis could not be found.
Resolution: Check the status of your licenses in the Vivado License Manager. For debug help search Xilinx Support for "Licensing FAQ". 
0 Infos, 1 Warnings, 0 Critical Warnings and 1 Errors encountered.
synth_design failed
ERROR: [Common 17-345] A valid license was not found for feature 'Synthesis' and/or device 'xcvu13p'. Please run the Vivado License Manager for assistance in determining
which features and devices are licensed for your system.
Resolution: Check the status of your licenses in the Vivado License Manager. For debug help search Xilinx Support for "Licensing FAQ". If you are using a license server, verify that the license server is up and running a version of the xilinx daemon that is compatible with the version of Xilinx software that you are using. Note: Vivado 2021.1 and later versions require upgrading your license server tools to the Flex 11.17.2.0 versions. Please confirm with your license admin that the correct version of the license server tools are installed.
INFO: [Common 17-206] Exiting Vivado at Thu Nov 14 11:36:05 2024...
