0.9925692081451416 0.8052496910095215
0.7772589921951294 0.765421986579895
0.7503744959831238 0.7490291595458984
0.7373509407043457 0.7396379709243774
0.7930492758750916 0.7491132616996765
0.7338262796401978 0.7317140698432922
0.7229467034339905 0.7264642119407654
0.7167953252792358 0.7192584276199341
0.7125793099403381 0.7157343029975891
0.7106286287307739 0.7165374755859375
0.7081745266914368 0.7116423845291138
0.7060253620147705 0.7123907208442688
0.7046681642532349 0.7102169990539551
0.7037197351455688 0.7067015171051025
0.7022760510444641 0.7053405046463013
0.701203465461731 0.7074437141418457
0.7017815113067627 0.7064804434776306
0.6998161673545837 0.7044867277145386
0.6992701292037964 0.7042325139045715
0.6986342668533325 0.7027209401130676
0.6980180740356445 0.7024267911911011
0.6980939507484436 0.7047935724258423
0.6973879933357239 0.7026631832122803
0.696463942527771 0.7035667896270752
0.696193516254425 0.7039173245429993
0.6959932446479797 0.7001752853393555
0.6953583359718323 0.7005580067634583
0.6948788166046143 0.7011724710464478
0.6954477429389954 0.7023413777351379
0.6944941282272339 0.7016688585281372
